
=== Fri Aug 14 18:18:32 2020

Packages were changed.
Update Mode: updateDependencies

The following packages were added:
  com.unity.2d.sprite@1.0.0
  com.unity.2d.tilemap@1.0.0
  com.unity.collab-proxy@1.2.16
  com.unity.ide.rider@1.1.4
  com.unity.ide.vscode@1.2.0
  com.unity.modules.androidjni@1.0.0
  com.unity.multiplayer-hlapi@1.0.6
  com.unity.test-framework@1.1.14
  com.unity.timeline@1.2.6
  com.unity.ugui@1.0.0
  com.unity.xr.legacyinputhelpers@2.1.4
The following packages were updated:
  com.unity.ads from version 2.0.8 to 3.4.5
  com.unity.analytics from version 2.0.16 to 3.3.5
  com.unity.purchasing from version 2.0.3 to 2.0.6
  com.unity.textmeshpro from version 1.2.4 to 2.0.1
The following packages were removed:
  com.unity.package-manager-ui@1.9.11

=== Wed Jun 15 18:06:05 2022

Packages were changed.
Update Mode: updateDependencies

The following packages were 已添加:
  com.unity.ide.visualstudio@2.0.14
The following packages were 已更新:
  com.unity.ads 从版本 3.4.5 到 3.7.5
  com.unity.analytics 从版本 3.3.5 到 3.6.12
  com.unity.collab-proxy 从版本 1.2.16 到 1.15.16
  com.unity.ide.rider 从版本 1.1.4 到 3.0.13
  com.unity.ide.vscode 从版本 1.2.0 到 1.2.5
  com.unity.purchasing 从版本 2.0.6 到 4.1.3
  com.unity.test-framework 从版本 1.1.14 到 1.1.31
  com.unity.textmeshpro 从版本 2.0.1 到 3.0.6
  com.unity.timeline 从版本 1.2.6 到 1.6.4
  com.unity.xr.legacyinputhelpers 从版本 2.1.4 到 2.1.9
The following packages were 已移除:
  com.unity.multiplayer-hlapi@1.0.6
